running egg_info
creating ../../build/media_display/media_display.egg-info
writing ../../build/media_display/media_display.egg-info/PKG-INFO
writing dependency_links to ../../build/media_display/media_display.egg-info/dependency_links.txt
writing entry points to ../../build/media_display/media_display.egg-info/entry_points.txt
writing requirements to ../../build/media_display/media_display.egg-info/requires.txt
writing top-level names to ../../build/media_display/media_display.egg-info/top_level.txt
writing manifest file '../../build/media_display/media_display.egg-info/SOURCES.txt'
reading manifest file '../../build/media_display/media_display.egg-info/SOURCES.txt'
writing manifest file '../../build/media_display/media_display.egg-info/SOURCES.txt'
running build
running build_py
creating /home/mii/ros2_ws/build/media_display/build
creating /home/mii/ros2_ws/build/media_display/build/lib
creating /home/mii/ros2_ws/build/media_display/build/lib/media_display
copying media_display/test_image_publisher.py -> /home/mii/ros2_ws/build/media_display/build/lib/media_display
copying media_display/display_node.py -> /home/mii/ros2_ws/build/media_display/build/lib/media_display
copying media_display/__init__.py -> /home/mii/ros2_ws/build/media_display/build/lib/media_display
running install
running install_lib
creating /home/mii/ros2_ws/install/media_display/lib/python3.10/site-packages/media_display
copying /home/mii/ros2_ws/build/media_display/build/lib/media_display/test_image_publisher.py -> /home/mii/ros2_ws/install/media_display/lib/python3.10/site-packages/media_display
copying /home/mii/ros2_ws/build/media_display/build/lib/media_display/display_node.py -> /home/mii/ros2_ws/install/media_display/lib/python3.10/site-packages/media_display
copying /home/mii/ros2_ws/build/media_display/build/lib/media_display/__init__.py -> /home/mii/ros2_ws/install/media_display/lib/python3.10/site-packages/media_display
byte-compiling /home/mii/ros2_ws/install/media_display/lib/python3.10/site-packages/media_display/test_image_publisher.py to test_image_publisher.cpython-310.pyc
byte-compiling /home/mii/ros2_ws/install/media_display/lib/python3.10/site-packages/media_display/display_node.py to display_node.cpython-310.pyc
byte-compiling /home/mii/ros2_ws/install/media_display/lib/python3.10/site-packages/media_display/__init__.py to __init__.cpython-310.pyc
running install_data
creating /home/mii/ros2_ws/install/media_display/share/ament_index
creating /home/mii/ros2_ws/install/media_display/share/ament_index/resource_index
creating /home/mii/ros2_ws/install/media_display/share/ament_index/resource_index/packages
copying resource/media_display -> /home/mii/ros2_ws/install/media_display/share/ament_index/resource_index/packages
copying package.xml -> /home/mii/ros2_ws/install/media_display/share/media_display
creating /home/mii/ros2_ws/install/media_display/share/media_display/launch
copying launch/display.launch.py -> /home/mii/ros2_ws/install/media_display/share/media_display/launch
running install_egg_info
Copying ../../build/media_display/media_display.egg-info to /home/mii/ros2_ws/install/media_display/lib/python3.10/site-packages/media_display-0.0.0-py3.10.egg-info
running install_scripts
Installing display_node script to /home/mii/ros2_ws/install/media_display/bin
Installing test_publisher script to /home/mii/ros2_ws/install/media_display/bin
writing list of installed files to '/home/mii/ros2_ws/build/media_display/install.log'
